Flow report for i2s_ns0921
Fri Jul 16 09:28:16 2021
Quartus Prime Version 15.1.0 Build 185 10/21/2015 SJ Lite Edition


---------------------
; Table of Contents ;
---------------------
  1. Legal Notice
  2. Flow Summary
  3. Flow Settings
  4. Flow Non-Default Global Settings
  5. Flow Elapsed Time
  6. Flow OS Summary
  7. Flow Log
  8. Flow Messages
  9. Flow Suppressed Messages



----------------
; Legal Notice ;
----------------
Copyright (C) 1991-2015 Altera Corporation. All rights reserved.
Your use of Altera Corporation's design tools, logic functions 
and other software and tools, and its AMPP partner logic 
functions, and any output files from any of the foregoing 
(including device programming or simulation files), and any 
associated documentation or information are expressly subject 
to the terms and conditions of the Altera Program License 
Subscription Agreement, the Altera Quartus Prime License Agreement,
the Altera MegaCore Function License Agreement, or other 
applicable license agreement, including, without limitation, 
that your use is for the sole purpose of programming logic 
devices manufactured by Altera and sold by Altera or its 
authorized distributors.  Please refer to the applicable 
agreement for further details.



+---------------------------------------------------------------------+
; Flow Summary                                                        ;
+-----------------------+---------------------------------------------+
; Flow Status           ; Successful - Fri Jul 16 09:28:16 2021       ;
; Quartus Prime Version ; 15.1.0 Build 185 10/21/2015 SJ Lite Edition ;
; Revision Name         ; i2s_ns0921                                  ;
; Top-level Entity Name ; i2s_ns0921                                  ;
; Family                ; MAX II                                      ;
; Device                ; EPM240T100C5                                ;
; Timing Models         ; Final                                       ;
; Total logic elements  ; 97 / 240 ( 40 % )                           ;
; Total pins            ; 6 / 80 ( 8 % )                              ;
; Total virtual pins    ; 0                                           ;
; UFM blocks            ; 0 / 1 ( 0 % )                               ;
+-----------------------+---------------------------------------------+


+-----------------------------------------+
; Flow Settings                           ;
+-------------------+---------------------+
; Option            ; Setting             ;
+-------------------+---------------------+
; Start date & time ; 07/16/2021 09:26:56 ;
; Main task         ; Compilation         ;
; Revision Name     ; i2s_ns0921          ;
+-------------------+---------------------+


+-----------------------------------------------------------------------------------------------------------------+
; Flow Non-Default Global Settings                                                                                ;
+--------------------------------------+---------------------------+---------------+-------------+----------------+
; Assignment Name                      ; Value                     ; Default Value ; Entity Name ; Section Id     ;
+--------------------------------------+---------------------------+---------------+-------------+----------------+
; COMPILER_SIGNATURE_ID                ; 0.162639521602257         ; --            ; --          ; --             ;
; EDA_DESIGN_INSTANCE_NAME             ; NA                        ; --            ; --          ; test           ;
; EDA_NATIVELINK_SIMULATION_TEST_BENCH ; test                      ; --            ; --          ; eda_simulation ;
; EDA_OUTPUT_DATA_FORMAT               ; Verilog Hdl               ; --            ; --          ; eda_simulation ;
; EDA_SIMULATION_TOOL                  ; ModelSim-Altera (Verilog) ; <None>        ; --          ; --             ;
; EDA_TEST_BENCH_ENABLE_STATUS         ; NOT_USED                  ; --            ; --          ; eda_simulation ;
; EDA_TEST_BENCH_FILE                  ; test_I2C_to_GPIO.v        ; --            ; --          ; test           ;
; EDA_TEST_BENCH_MODULE_NAME           ; test                      ; --            ; --          ; test           ;
; EDA_TEST_BENCH_NAME                  ; test                      ; --            ; --          ; eda_simulation ;
; EDA_TIME_SCALE                       ; 1 ps                      ; --            ; --          ; eda_simulation ;
; MAX_CORE_JUNCTION_TEMP               ; 85                        ; --            ; --          ; --             ;
; MIN_CORE_JUNCTION_TEMP               ; 0                         ; --            ; --          ; --             ;
+--------------------------------------+---------------------------+---------------+-------------+----------------+


+-------------------------------------------------------------------------------------------------------------------------------+
; Flow Elapsed Time                                                                                                             ;
+---------------------------+--------------+-------------------------+---------------------+------------------------------------+
; Module Name               ; Elapsed Time ; Average Processors Used ; Peak Virtual Memory ; Total CPU Time (on all processors) ;
+---------------------------+--------------+-------------------------+---------------------+------------------------------------+
; Analysis & Synthesis      ; 00:00:33     ; 1.0                     ; 1145 MB             ; 00:00:48                           ;
; Fitter                    ; 00:00:08     ; 1.0                     ; 1196 MB             ; 00:00:04                           ;
; Assembler                 ; 00:00:02     ; 1.0                     ; 981 MB              ; 00:00:01                           ;
; TimeQuest Timing Analyzer ; 00:00:03     ; 1.0                     ; 943 MB              ; 00:00:02                           ;
; EDA Netlist Writer        ; 00:00:02     ; 1.0                     ; 1231 MB             ; 00:00:01                           ;
; Total                     ; 00:00:48     ; --                      ; --                  ; 00:00:56                           ;
+---------------------------+--------------+-------------------------+---------------------+------------------------------------+


+---------------------------------------------------------------------------------------------+
; Flow OS Summary                                                                             ;
+---------------------------+------------------+----------------+------------+----------------+
; Module Name               ; Machine Hostname ; OS Name        ; OS Version ; Processor type ;
+---------------------------+------------------+----------------+------------+----------------+
; Analysis & Synthesis      ; necnote          ; Ubuntu 16.04.1 ; 16         ; x86_64         ;
; Fitter                    ; necnote          ; Ubuntu 16.04.1 ; 16         ; x86_64         ;
; Assembler                 ; necnote          ; Ubuntu 16.04.1 ; 16         ; x86_64         ;
; TimeQuest Timing Analyzer ; necnote          ; Ubuntu 16.04.1 ; 16         ; x86_64         ;
; EDA Netlist Writer        ; necnote          ; Ubuntu 16.04.1 ; 16         ; x86_64         ;
+---------------------------+------------------+----------------+------------+----------------+


------------
; Flow Log ;
------------
quartus_map --read_settings_files=on --write_settings_files=off i2s_ns0921 -c i2s_ns0921
quartus_fit --read_settings_files=off --write_settings_files=off i2s_ns0921 -c i2s_ns0921
quartus_asm --read_settings_files=off --write_settings_files=off i2s_ns0921 -c i2s_ns0921
quartus_sta i2s_ns0921 -c i2s_ns0921
quartus_eda --read_settings_files=off --write_settings_files=off i2s_ns0921 -c i2s_ns0921



